This file contains any messages produced by compilers while
running configure, to aid debugging if configure makes a mistake.

It was created by FULL-PACKAGE-NAME configure VERSION, which was
generated by GNU Autoconf 2.67.  Invocation command line was

  $ ./configure 

## --------- ##
## Platform. ##
## --------- ##

hostname = ubuntu
uname -m = i686
uname -r = 2.6.35-32-generic
uname -s = Linux
uname -v = #67-Ubuntu SMP Mon Mar 5 19:35:26 UTC 2012

/usr/bin/uname -p = unknown
/bin/uname -X     = unknown

/bin/arch              = unknown
/usr/bin/arch -k       = unknown
/usr/convex/getsysinfo = unknown
/usr/bin/hostinfo      = unknown
/bin/machine           = unknown
/usr/bin/oslevel       = unknown
/bin/universe          = unknown

PATH: /usr/local/net-snmp/bin
PATH: /usr/local/net-snmp/sbin
PATH: /usr/local/sbin
PATH: /usr/local/bin
PATH: /usr/sbin
PATH: /usr/bin
PATH: /sbin
PATH: /bin
PATH: /usr/games


## ----------- ##
## Core tests. ##
## ----------- ##

configure:2210: checking for a BSD-compatible install
configure:2278: result: /usr/bin/install -c
configure:2289: checking whether build environment is sane
configure:2339: result: yes
configure:2480: checking for a thread-safe mkdir -p
configure:2519: result: /bin/mkdir -p
configure:2532: checking for gawk
configure:2562: result: no
configure:2532: checking for mawk
configure:2548: found /usr/bin/mawk
configure:2559: result: mawk
configure:2570: checking whether make sets $(MAKE)
configure:2592: result: yes
configure:2722: checking for gcc
configure:2738: found /usr/bin/gcc
configure:2749: result: gcc
configure:2978: checking for C compiler version
configure:2987: gcc --version >&5
gcc (Ubuntu/Linaro 4.4.4-14ubuntu5.1) 4.4.5
Copyright (C) 2010 Free Software Foundation, Inc.
This is free software; see the source for copying conditions.  There is NO
warranty; not even for MERCHANTABILITY or FITNESS FOR A PARTICULAR PURPOSE.

configure:2998: $? = 0
configure:2987: gcc -v >&5
Using built-in specs.
Target: i686-linux-gnu
Configured with: ../src/configure -v --with-pkgversion='Ubuntu/Linaro 4.4.4-14ubuntu5.1' --with-bugurl=file:///usr/share/doc/gcc-4.4/README.Bugs --enable-languages=c,c++,fortran,objc,obj-c++ --prefix=/usr --program-suffix=-4.4 --enable-shared --enable-multiarch --enable-linker-build-id --with-system-zlib --libexecdir=/usr/lib --without-included-gettext --enable-threads=posix --with-gxx-include-dir=/usr/include/c++/4.4 --libdir=/usr/lib --enable-nls --with-sysroot=/ --enable-clocale=gnu --enable-libstdcxx-debug --enable-objc-gc --enable-targets=all --disable-werror --with-arch-32=i686 --with-tune=generic --enable-checking=release --build=i686-linux-gnu --host=i686-linux-gnu --target=i686-linux-gnu
Thread model: posix
gcc version 4.4.5 (Ubuntu/Linaro 4.4.4-14ubuntu5.1) 
configure:2998: $? = 0
configure:2987: gcc -V >&5
gcc: '-V' option must have argument
configure:2998: $? = 1
configure:2987: gcc -qversion >&5
gcc: unrecognized option '-qversion'
gcc: no input files
configure:2998: $? = 1
configure:3018: checking whether the C compiler works
configure:3040: gcc    conftest.c  >&5
configure:3044: $? = 0
configure:3092: result: yes
configure:3095: checking for C compiler default output file name
configure:3097: result: a.out
configure:3103: checking for suffix of executables
configure:3110: gcc -o conftest    conftest.c  >&5
configure:3114: $? = 0
configure:3136: result: 
configure:3158: checking whether we are cross compiling
configure:3166: gcc -o conftest    conftest.c  >&5
configure:3170: $? = 0
configure:3177: ./conftest
configure:3181: $? = 0
configure:3196: result: no
configure:3201: checking for suffix of object files
configure:3223: gcc -c   conftest.c >&5
configure:3227: $? = 0
configure:3248: result: o
configure:3252: checking whether we are using the GNU C compiler
configure:3271: gcc -c   conftest.c >&5
configure:3271: $? = 0
configure:3280: result: yes
configure:3289: checking whether gcc accepts -g
configure:3309: gcc -c -g  conftest.c >&5
configure:3309: $? = 0
configure:3350: result: yes
configure:3367: checking for gcc option to accept ISO C89
configure:3431: gcc  -c -g -O2  conftest.c >&5
configure:3431: $? = 0
configure:3444: result: none needed
configure:3475: checking for style of include used by make
configure:3503: result: GNU
configure:3528: checking dependency style of gcc
configure:3638: result: gcc3
configure:3657: checking for main in -lnetsnmp
configure:3676: gcc -o conftest -g -O2   conftest.c -lnetsnmp   >&5
/usr/bin/ld: cannot find -lnetsnmp
collect2: ld returned 1 exit status
configure:3676: $? = 1
configure: failed program was:
| /* confdefs.h */
| #define PACKAGE_NAME "FULL-PACKAGE-NAME"
| #define PACKAGE_TARNAME "full-package-name"
| #define PACKAGE_VERSION "VERSION"
| #define PACKAGE_STRING "FULL-PACKAGE-NAME VERSION"
| #define PACKAGE_BUGREPORT "BUG-REPORT-ADDRESS"
| #define PACKAGE_URL ""
| #define PACKAGE "rpg"
| #define VERSION "0.3"
| /* end confdefs.h.  */
| 
| 
| int
| main ()
| {
| return main ();
|   ;
|   return 0;
| }
configure:3685: result: no
configure:3697: checking for main in -lpthread
configure:3716: gcc -o conftest -g -O2   conftest.c -lpthread   >&5
configure:3716: $? = 0
configure:3725: result: yes
configure:3743: checking how to run the C preprocessor
configure:3774: gcc -E  conftest.c
configure:3774: $? = 0
configure:3788: gcc -E  conftest.c
conftest.c:12: fatal error: ac_nonexistent.h: No such file or directory
compilation terminated.
configure:3788: $? = 1
configure: failed program was:
| /* confdefs.h */
| #define PACKAGE_NAME "FULL-PACKAGE-NAME"
| #define PACKAGE_TARNAME "full-package-name"
| #define PACKAGE_VERSION "VERSION"
| #define PACKAGE_STRING "FULL-PACKAGE-NAME VERSION"
| #define PACKAGE_BUGREPORT "BUG-REPORT-ADDRESS"
| #define PACKAGE_URL ""
| #define PACKAGE "rpg"
| #define VERSION "0.3"
| #define HAVE_LIBPTHREAD 1
| /* end confdefs.h.  */
| #include <ac_nonexistent.h>
configure:3813: result: gcc -E
configure:3833: gcc -E  conftest.c
configure:3833: $? = 0
configure:3847: gcc -E  conftest.c
conftest.c:12: fatal error: ac_nonexistent.h: No such file or directory
compilation terminated.
configure:3847: $? = 1
configure: failed program was:
| /* confdefs.h */
| #define PACKAGE_NAME "FULL-PACKAGE-NAME"
| #define PACKAGE_TARNAME "full-package-name"
| #define PACKAGE_VERSION "VERSION"
| #define PACKAGE_STRING "FULL-PACKAGE-NAME VERSION"
| #define PACKAGE_BUGREPORT "BUG-REPORT-ADDRESS"
| #define PACKAGE_URL ""
| #define PACKAGE "rpg"
| #define VERSION "0.3"
| #define HAVE_LIBPTHREAD 1
| /* end confdefs.h.  */
| #include <ac_nonexistent.h>
configure:3876: checking for grep that handles long lines and -e
configure:3934: result: /bin/grep
configure:3939: checking for egrep
configure:4001: result: /bin/grep -E
configure:4006: checking for ANSI C header files
configure:4026: gcc -c -g -O2  conftest.c >&5
configure:4026: $? = 0
configure:4099: gcc -o conftest -g -O2   conftest.c -lpthread  >&5
configure:4099: $? = 0
configure:4099: ./conftest
configure:4099: $? = 0
configure:4110: result: yes
configure:4123: checking for sys/types.h
configure:4123: gcc -c -g -O2  conftest.c >&5
configure:4123: $? = 0
configure:4123: result: yes
configure:4123: checking for sys/stat.h
configure:4123: gcc -c -g -O2  conftest.c >&5
configure:4123: $? = 0
configure:4123: result: yes
configure:4123: checking for stdlib.h
configure:4123: gcc -c -g -O2  conftest.c >&5
configure:4123: $? = 0
configure:4123: result: yes
configure:4123: checking for string.h
configure:4123: gcc -c -g -O2  conftest.c >&5
configure:4123: $? = 0
configure:4123: result: yes
configure:4123: checking for memory.h
configure:4123: gcc -c -g -O2  conftest.c >&5
configure:4123: $? = 0
configure:4123: result: yes
configure:4123: checking for strings.h
configure:4123: gcc -c -g -O2  conftest.c >&5
configure:4123: $? = 0
configure:4123: result: yes
configure:4123: checking for inttypes.h
configure:4123: gcc -c -g -O2  conftest.c >&5
configure:4123: $? = 0
configure:4123: result: yes
configure:4123: checking for stdint.h
configure:4123: gcc -c -g -O2  conftest.c >&5
configure:4123: $? = 0
configure:4123: result: yes
configure:4123: checking for unistd.h
configure:4123: gcc -c -g -O2  conftest.c >&5
configure:4123: $? = 0
configure:4123: result: yes
configure:4138: checking netinet/in.h usability
configure:4138: gcc -c -g -O2  conftest.c >&5
configure:4138: $? = 0
configure:4138: result: yes
configure:4138: checking netinet/in.h presence
configure:4138: gcc -E  conftest.c
configure:4138: $? = 0
configure:4138: result: yes
configure:4138: checking for netinet/in.h
configure:4138: result: yes
configure:4138: checking for stdint.h
configure:4138: result: yes
configure:4138: checking for stdlib.h
configure:4138: result: yes
configure:4138: checking for string.h
configure:4138: result: yes
configure:4138: checking for strings.h
configure:4138: result: yes
configure:4138: checking sys/time.h usability
configure:4138: gcc -c -g -O2  conftest.c >&5
configure:4138: $? = 0
configure:4138: result: yes
configure:4138: checking sys/time.h presence
configure:4138: gcc -E  conftest.c
configure:4138: $? = 0
configure:4138: result: yes
configure:4138: checking for sys/time.h
configure:4138: result: yes
configure:4138: checking for unistd.h
configure:4138: result: yes
configure:4150: checking for size_t
configure:4150: gcc -c -g -O2  conftest.c >&5
configure:4150: $? = 0
configure:4150: gcc -c -g -O2  conftest.c >&5
conftest.c: In function 'main':
conftest.c:65: error: expected expression before ')' token
configure:4150: $? = 1
configure: failed program was:
| /* confdefs.h */
| #define PACKAGE_NAME "FULL-PACKAGE-NAME"
| #define PACKAGE_TARNAME "full-package-name"
| #define PACKAGE_VERSION "VERSION"
| #define PACKAGE_STRING "FULL-PACKAGE-NAME VERSION"
| #define PACKAGE_BUGREPORT "BUG-REPORT-ADDRESS"
| #define PACKAGE_URL ""
| #define PACKAGE "rpg"
| #define VERSION "0.3"
| #define HAVE_LIBPTHREAD 1
| #define STDC_HEADERS 1
| #define HAVE_SYS_TYPES_H 1
| #define HAVE_SYS_STAT_H 1
| #define HAVE_STDLIB_H 1
| #define HAVE_STRING_H 1
| #define HAVE_MEMORY_H 1
| #define HAVE_STRINGS_H 1
| #define HAVE_INTTYPES_H 1
| #define HAVE_STDINT_H 1
| #define HAVE_UNISTD_H 1
| #define HAVE_NETINET_IN_H 1
| #define HAVE_STDINT_H 1
| #define HAVE_STDLIB_H 1
| #define HAVE_STRING_H 1
| #define HAVE_STRINGS_H 1
| #define HAVE_SYS_TIME_H 1
| #define HAVE_UNISTD_H 1
| /* end confdefs.h.  */
| #include <stdio.h>
| #ifdef HAVE_SYS_TYPES_H
| # include <sys/types.h>
| #endif
| #ifdef HAVE_SYS_STAT_H
| # include <sys/stat.h>
| #endif
| #ifdef STDC_HEADERS
| # include <stdlib.h>
| # include <stddef.h>
| #else
| # ifdef HAVE_STDLIB_H
| #  include <stdlib.h>
| # endif
| #endif
| #ifdef HAVE_STRING_H
| # if !defined STDC_HEADERS && defined HAVE_MEMORY_H
| #  include <memory.h>
| # endif
| # include <string.h>
| #endif
| #ifdef HAVE_STRINGS_H
| # include <strings.h>
| #endif
| #ifdef HAVE_INTTYPES_H
| # include <inttypes.h>
| #endif
| #ifdef HAVE_STDINT_H
| # include <stdint.h>
| #endif
| #ifdef HAVE_UNISTD_H
| # include <unistd.h>
| #endif
| int
| main ()
| {
| if (sizeof ((size_t)))
| 	    return 0;
|   ;
|   return 0;
| }
configure:4150: result: yes
configure:4165: checking for stdlib.h
configure:4165: result: yes
configure:4175: checking for GNU libc compatible malloc
configure:4199: gcc -o conftest -g -O2   conftest.c -lpthread  >&5
configure:4199: $? = 0
configure:4199: ./conftest
configure:4199: $? = 0
configure:4209: result: yes
configure:4233: checking for gettimeofday
configure:4233: gcc -o conftest -g -O2   conftest.c -lpthread  >&5
configure:4233: $? = 0
configure:4233: result: yes
configure:4233: checking for select
configure:4233: gcc -o conftest -g -O2   conftest.c -lpthread  >&5
configure:4233: $? = 0
configure:4233: result: yes
configure:4364: creating ./config.status

## ---------------------- ##
## Running config.status. ##
## ---------------------- ##

This file was extended by FULL-PACKAGE-NAME config.status VERSION, which was
generated by GNU Autoconf 2.67.  Invocation command line was

  CONFIG_FILES    = 
  CONFIG_HEADERS  = 
  CONFIG_LINKS    = 
  CONFIG_COMMANDS = 
  $ ./config.status 

on ubuntu

config.status:870: creating Makefile
config.status:870: creating src/Makefile
config.status:870: creating include/Makefile
config.status:870: creating config.h
config.status:1098: executing depfiles commands

## ---------------- ##
## Cache variables. ##
## ---------------- ##

ac_cv_c_compiler_gnu=yes
ac_cv_env_CC_set=
ac_cv_env_CC_value=
ac_cv_env_CFLAGS_set=
ac_cv_env_CFLAGS_value=
ac_cv_env_CPPFLAGS_set=
ac_cv_env_CPPFLAGS_value=
ac_cv_env_CPP_set=
ac_cv_env_CPP_value=
ac_cv_env_LDFLAGS_set=
ac_cv_env_LDFLAGS_value=
ac_cv_env_LIBS_set=
ac_cv_env_LIBS_value=
ac_cv_env_build_alias_set=
ac_cv_env_build_alias_value=
ac_cv_env_host_alias_set=
ac_cv_env_host_alias_value=
ac_cv_env_target_alias_set=
ac_cv_env_target_alias_value=
ac_cv_func_gettimeofday=yes
ac_cv_func_malloc_0_nonnull=yes
ac_cv_func_select=yes
ac_cv_header_inttypes_h=yes
ac_cv_header_memory_h=yes
ac_cv_header_netinet_in_h=yes
ac_cv_header_stdc=yes
ac_cv_header_stdint_h=yes
ac_cv_header_stdlib_h=yes
ac_cv_header_string_h=yes
ac_cv_header_strings_h=yes
ac_cv_header_sys_stat_h=yes
ac_cv_header_sys_time_h=yes
ac_cv_header_sys_types_h=yes
ac_cv_header_unistd_h=yes
ac_cv_lib_netsnmp_main=no
ac_cv_lib_pthread_main=yes
ac_cv_objext=o
ac_cv_path_EGREP='/bin/grep -E'
ac_cv_path_GREP=/bin/grep
ac_cv_path_install='/usr/bin/install -c'
ac_cv_path_mkdir=/bin/mkdir
ac_cv_prog_AWK=mawk
ac_cv_prog_CPP='gcc -E'
ac_cv_prog_ac_ct_CC=gcc
ac_cv_prog_cc_c89=
ac_cv_prog_cc_g=yes
ac_cv_prog_make_make_set=yes
ac_cv_type_size_t=yes
am_cv_CC_dependencies_compiler_type=gcc3

## ----------------- ##
## Output variables. ##
## ----------------- ##

ACLOCAL='${SHELL} /home/apple/workplace/rpg/missing --run aclocal-1.11'
AMDEPBACKSLASH='\'
AMDEP_FALSE='#'
AMDEP_TRUE=''
AMTAR='${SHELL} /home/apple/workplace/rpg/missing --run tar'
AUTOCONF='${SHELL} /home/apple/workplace/rpg/missing --run autoconf'
AUTOHEADER='${SHELL} /home/apple/workplace/rpg/missing --run autoheader'
AUTOMAKE='${SHELL} /home/apple/workplace/rpg/missing --run automake-1.11'
AWK='mawk'
CC='gcc'
CCDEPMODE='depmode=gcc3'
CFLAGS='-g -O2'
CPP='gcc -E'
CPPFLAGS=''
CYGPATH_W='echo'
DEFS='-DHAVE_CONFIG_H'
DEPDIR='.deps'
ECHO_C=''
ECHO_N='-n'
ECHO_T=''
EGREP='/bin/grep -E'
EXEEXT=''
GREP='/bin/grep'
INSTALL_DATA='${INSTALL} -m 644'
INSTALL_PROGRAM='${INSTALL}'
INSTALL_SCRIPT='${INSTALL}'
INSTALL_STRIP_PROGRAM='$(install_sh) -c -s'
LDFLAGS=''
LIBOBJS=''
LIBS='-lpthread '
LTLIBOBJS=''
MAKEINFO='${SHELL} /home/apple/workplace/rpg/missing --run makeinfo'
MKDIR_P='/bin/mkdir -p'
OBJEXT='o'
PACKAGE='rpg'
PACKAGE_BUGREPORT='BUG-REPORT-ADDRESS'
PACKAGE_NAME='FULL-PACKAGE-NAME'
PACKAGE_STRING='FULL-PACKAGE-NAME VERSION'
PACKAGE_TARNAME='full-package-name'
PACKAGE_URL=''
PACKAGE_VERSION='VERSION'
PATH_SEPARATOR=':'
SET_MAKE=''
SHELL='/bin/bash'
STRIP=''
VERSION='0.3'
ac_ct_CC='gcc'
am__EXEEXT_FALSE=''
am__EXEEXT_TRUE='#'
am__fastdepCC_FALSE='#'
am__fastdepCC_TRUE=''
am__include='include'
am__isrc=''
am__leading_dot='.'
am__quote=''
am__tar='${AMTAR} chof - "$$tardir"'
am__untar='${AMTAR} xf -'
bindir='${exec_prefix}/bin'
build_alias=''
datadir='${datarootdir}'
datarootdir='${prefix}/share'
docdir='${datarootdir}/doc/${PACKAGE_TARNAME}'
dvidir='${docdir}'
exec_prefix='${prefix}'
host_alias=''
htmldir='${docdir}'
includedir='${prefix}/include'
infodir='${datarootdir}/info'
install_sh='${SHELL} /home/apple/workplace/rpg/install-sh'
libdir='${exec_prefix}/lib'
libexecdir='${exec_prefix}/libexec'
localedir='${datarootdir}/locale'
localstatedir='${prefix}/var'
mandir='${datarootdir}/man'
mkdir_p='/bin/mkdir -p'
oldincludedir='/usr/include'
pdfdir='${docdir}'
prefix='/usr/local'
program_transform_name='s,x,x,'
psdir='${docdir}'
sbindir='${exec_prefix}/sbin'
sharedstatedir='${prefix}/com'
sysconfdir='${prefix}/etc'
target_alias=''

## ----------- ##
## confdefs.h. ##
## ----------- ##

/* confdefs.h */
#define PACKAGE_NAME "FULL-PACKAGE-NAME"
#define PACKAGE_TARNAME "full-package-name"
#define PACKAGE_VERSION "VERSION"
#define PACKAGE_STRING "FULL-PACKAGE-NAME VERSION"
#define PACKAGE_BUGREPORT "BUG-REPORT-ADDRESS"
#define PACKAGE_URL ""
#define PACKAGE "rpg"
#define VERSION "0.3"
#define HAVE_LIBPTHREAD 1
#define STDC_HEADERS 1
#define HAVE_SYS_TYPES_H 1
#define HAVE_SYS_STAT_H 1
#define HAVE_STDLIB_H 1
#define HAVE_STRING_H 1
#define HAVE_MEMORY_H 1
#define HAVE_STRINGS_H 1
#define HAVE_INTTYPES_H 1
#define HAVE_STDINT_H 1
#define HAVE_UNISTD_H 1
#define HAVE_NETINET_IN_H 1
#define HAVE_STDINT_H 1
#define HAVE_STDLIB_H 1
#define HAVE_STRING_H 1
#define HAVE_STRINGS_H 1
#define HAVE_SYS_TIME_H 1
#define HAVE_UNISTD_H 1
#define HAVE_STDLIB_H 1
#define HAVE_MALLOC 1
#define HAVE_GETTIMEOFDAY 1
#define HAVE_SELECT 1

configure: exit 0
